[2026/4/20 下午9:27:36] GET /test123
[2026/4/20 下午9:29:06] GET /
[2026/4/20 下午9:29:13] GET /admin
[2026/4/20 下午9:29:16] GET /product/ILCE-6700.html
[2026/4/20 下午9:29:16] GET /images/a6700.jpg
[2026/4/20 下午9:39:52] GET /
[2026/4/20 下午9:46:33] GET /
[2026/4/20 下午9:46:35] GET /product/ILCE-6700.html
[2026/4/20 下午9:46:35] GET /images/a6700.jpg
[2026/4/20 下午9:46:37] GET /product/ILCE-7M5.html
[2026/4/20 下午9:46:37] GET /images/a7m5.jpg
[2026/4/20 下午9:46:45] GET /product/ILCE-1M2.html
[2026/4/20 下午9:50:30] GET /
[2026/4/20 下午9:50:32] GET /product/ILCE-1M2.html
[2026/4/20 下午9:50:32] GET /images/a1m2.jpg
[2026/4/20 下午9:51:09] GET /product/ILCE-6700.html
[2026/4/20 下午9:51:09] GET /images/a6700.jpg
[2026/4/20 下午9:52:02] GET /
[2026/4/20 下午9:52:04] GET /product/ILCE-6700.html
[2026/4/20 下午9:52:04] GET /images/01.jpg
[2026/4/20 下午9:52:53] GET /product/ILCE-6700.html
[2026/4/20 下午9:52:53] GET /images/01.jpg
[2026/4/20 下午9:53:13] GET /
[2026/4/20 下午9:53:15] GET /product/ILCE-6700.html
[2026/4/20 下午9:53:15] GET /images/01.jpg
[2026/4/20 下午9:56:18] GET /
[2026/4/20 下午9:56:19] GET /product/ILCE-6700.html
[2026/4/20 下午9:56:19] GET /images/01.jpg
[2026/4/20 下午9:56:34] GET /
[2026/4/20 下午9:56:36] GET /product/ILCE-6700.html
[2026/4/20 下午9:56:36] GET /images/a6700.jpg
[2026/4/20 下午9:58:08] GET /
[2026/4/20 下午9:58:12] GET /images/a6700.jpg
[2026/4/20 下午10:00:45] GET /
[2026/4/20 下午10:00:47] GET /product/ILCE-6700.html
[2026/4/20 下午10:00:47] GET /images/a6700.jpg
[2026/4/20 下午10:01:29] GET /product/ILCE-6700.html
[2026/4/20 下午10:01:29] GET /images/a6700.jpg
[2026/4/20 下午10:01:33] GET /product/ILCE-7M5.html
[2026/4/20 下午10:01:33] GET /images/a7m5.jpg
[2026/4/20 下午10:04:31] GET /
[2026/4/20 下午10:04:32] GET /product/ILCE-6700.html
[2026/4/20 下午10:04:32] GET /images/a6700.jpg
[2026/4/20 下午10:06:55] GET /
[2026/4/20 下午10:06:56] GET /product/ILCE-6700.html
[2026/4/20 下午10:06:56] GET /images/a6700.jpg
[2026/4/20 下午10:07:00] GET /product/ILCE-7M5.html
[2026/4/20 下午10:07:00] GET /images/a7m5.jpg
[2026/4/20 下午10:07:04] GET /product/ILCE-1M2.html
[2026/4/20 下午10:07:04] GET /images/a1m2.jpg
[2026/4/20 下午10:07:06] GET /admin?code=521
[2026/4/20 下午11:41:36] GET /
[2026/4/20 下午11:41:38] GET /
[2026/4/20 下午11:41:49] GET /
[2026/4/21 上午12:02:10] GET /
[2026/4/21 上午12:02:10] GET /favicon.ico
[2026/4/21 上午1:06:37] GET /
[2026/4/21 上午1:07:36] GET /
[2026/4/21 上午1:09:11] GET /
[2026/4/21 上午1:09:12] GET /product/ILCE-6700.html
[2026/4/21 上午1:09:12] GET /product/images/a6700.jpg
[2026/4/21 上午1:10:06] GET /
[2026/4/21 上午1:10:07] GET /product/ILCE-6700.html
[2026/4/21 上午1:10:07] GET /images/a6700.jpg
[2026/4/21 上午1:10:10] GET /
[2026/4/21 上午1:26:06] GET /
[2026/4/21 上午1:26:06] GET /css/style.css
[2026/4/21 上午1:26:06] GET /favicon.ico
[2026/4/21 上午1:26:06] GET /css/style.css
[2026/4/21 上午1:26:44] GET /product/nonexistent.html
[2026/4/21 上午1:26:48] GET /product/nonexistent.html
[2026/4/21 上午1:26:53] GET /admin
[2026/4/21 上午1:26:56] GET /admin?code=521
